<?xml version="1.0" encoding="UTF-8"?>
<!-- Generated by org.testng.reporters.JUnitReportReporter -->
<testsuite hostname="DESKTOP-2PS1LQ1" failures="0" tests="2" name="qaclickacademy.AppiumTest" time="0.029" errors="0" timestamp="2020-03-11T20:36:17 IST" skipped="0">
  <testcase classname="qaclickacademy.AppiumTest" name="Mobiletesting" time="0.009"/>
  <system-out/>
  <testcase classname="qaclickacademy.AppiumTest" name="InternetBrowser" time="0.020"/>
  <system-out/>
</testsuite> <!-- qaclickacademy.AppiumTest -->
