<?xml version="1.0" encoding="UTF-8"?>
<!-- Generated by org.testng.reporters.JUnitReportReporter -->
<testsuite hostname="DESKTOP-2PS1LQ1" failures="0" tests="2" name="qaclickacademy.RestApiTest" time="0.004" errors="0" timestamp="2020-03-11T20:36:17 IST" skipped="0">
  <testcase classname="qaclickacademy.RestApiTest" name="APIPage" time="0.002"/>
  <system-out/>
  <testcase classname="qaclickacademy.RestApiTest" name="LinuxPage" time="0.002"/>
  <system-out/>
</testsuite> <!-- qaclickacademy.RestApiTest -->
