<?xml version="1.0" encoding="UTF-8"?>
<!-- Generated by org.testng.reporters.JUnitReportReporter -->
<testsuite hostname="DESKTOP-2PS1LQ1" failures="0" tests="2" name="qaclickacademy.AppiumTest" time="0.014" errors="0" timestamp="2020-03-11T22:46:55 IST" skipped="0">
  <testcase classname="qaclickacademy.AppiumTest" name="InternetBrowser" time="0.014"/>
  <system-out/>
  <testcase classname="qaclickacademy.AppiumTest" name="Mobiletesting" time="0.000"/>
  <system-out/>
</testsuite> <!-- qaclickacademy.AppiumTest -->
