<?xml version="1.0" encoding="UTF-8"?>
<!-- Generated by org.testng.reporters.JUnitReportReporter -->
<testsuite hostname="DESKTOP-2PS1LQ1" failures="0" tests="2" name="qaclickacademy.SeleniumTest" time="0.000" errors="0" timestamp="2020-03-11T22:46:55 IST" skipped="0">
  <testcase classname="qaclickacademy.SeleniumTest" name="LoginPage" time="0.000"/>
  <system-out/>
  <testcase classname="qaclickacademy.SeleniumTest" name="HomePage" time="0.000"/>
  <system-out/>
</testsuite> <!-- qaclickacademy.SeleniumTest -->
